Virtuoso Framework License (111) was checked out successfully. Total checkout time was 0.04s.
********************************************************************************
Product   : Virtuoso(R) XStream Out
Program   : @(#)$CDS: strmout version IC23.1-64b 08/20/2024 22:42 (cpgbld17) $
          : sub-version  IC23.1-64b.ISR9.24 
Started at: 30-Nov-2025  13:51:53
User Name : mgrawe2
Host Name : fastx3-03.ews.illinois.edu
Directory : /home/mgrawe2/ece482.work/gpdk045_new
CADENCE Design Systems, Inc.
********************************************************************************
Info: Cellview Rev Num:99,  Tech Rev Num:59

WARNING (XSTRM-20): Output Stream file '/home/mgrawe2/ece482.work/gpdk045_new/ece482_final_project/and2/pvs_directories/lvs/and2.gds' already exists. It will be overwritten.
Loading gpdk045/libInit.il ...
	Loading gpdk045/loadCxt.ile ... done!
	Loading context 'gpdk045' from library 'gpdk045' ... done!
	Loading context 'pdkUtils' from library 'gpdk045' ... done!
	Loading gpdk045/gpdk045_customFilter.il ... done!
	Loading gpdk045/libInitCustomExit.il ... 
	Loading Environment Settings ...
	Loading gpdk045/gpdk045_PDKRegistrations.il ... done!

  *************************************************************           
  *              Cadence Design Systems, Inc.                 *           
  *                                                           *           
  *                    Generic 45nm PDK                       *           
  *                        (gpdk045)                          *           
  *                                                           *           
  *************************************************************           
	

	VERSION: 6.0 (09-September-2019)

done!
Loaded gpdk045/libInit.il successfully!
INFO (XSTRM-217): Reading the layer map file, /class/ece482/gpdk045_v_6_0/gpdk045/gpdk045.layermap
WARNING (XSTRM-333): The '-enableColoring' option will be ignored during XStream Out. This is because there is no color entry in the layer map and the object map file.
INFO (XSTRM-427): Based on current hardware configuration, running XStream Out translation in multi-threaded mode with 4 threads.
INFO (XSTRM-162): You have not used the '-viaMap' option. If the OpenAccess design has native oaVia instances, use the '-viaMap' option for preserving oaVia instances in a XStream Out - XStream In round trip. Using the '-viaMap' option improves performance and VM usage of applications using the Streamed-In design.

Summary of Options :
library                                 ece482_final_project
strmFile                                /home/mgrawe2/ece482.work/gpdk045_new/ece482_final_project/and2/pvs_directories/lvs/and2.gds
topCell                                 and2
view                                    layout
runDir                                  /home/mgrawe2/ece482.work/gpdk045_new/ece482_final_project/and2/pvs_directories/lvs
logFile                                 /home/mgrawe2/ece482.work/gpdk045_new/ece482_final_project/and2/pvs_directories/lvs/PIPO1.LOG
techLib                                 gpdk045
hierDepth                               32
maxVertices                             2048
layerMap                                /class/ece482/gpdk045_v_6_0/gpdk045/gpdk045.layermap
userSkillFile                           /home/mgrawe2/ece482.work/gpdk045_new/ece482_final_project/and2/pvs_directories/lvs/strmout.il
labelDepth                              32
case                                    Preserve
convertDot                              node
convertPin                              geometryAndText

INFO (XSTRM-180): You have not used the '-objectMap' option. The design has instance(s) of at least one of following OpenAccess objects: oaBlockage, oaBoundary, oaRow, and oaMarker. Any information about these objects will not be translated into the generated stream file. Use the '-objectMap' option to translate/preserve these objects using XStream.
INFO (XSTRM-223): 1. Translating stdVia gpdk045/M1_PO/layout as STRUCTURE M1_PO_CDNS_764532313970.
INFO (XSTRM-223): 2. Translating stdVia gpdk045/M1_PSUB/layout as STRUCTURE M1_PSUB_CDNS_764532313971.
INFO (XSTRM-223): 3. Translating stdVia gpdk045/M1_NWELL/layout as STRUCTURE M1_NWELL_CDNS_764532313972.
INFO (XSTRM-223): 4. Translating stdVia gpdk045/M3_M2/layout as STRUCTURE M3_M2_CDNS_764532313973.
INFO (XSTRM-223): 5. Translating stdVia gpdk045/M2_M1/layout as STRUCTURE M2_M1_CDNS_764532313974.
INFO (XSTRM-223): 6. Translating stdVia gpdk045/M4_M3/layout as STRUCTURE M4_M3_CDNS_764532313975.
INFO (XSTRM-223): 7. Translating stdVia gpdk045/M5_M4/layout as STRUCTURE M5_M4_CDNS_764532313976.
INFO (XSTRM-223): 8. Translating stdVia gpdk045/M6_M5/layout as STRUCTURE M6_M5_CDNS_764532313977.
INFO (XSTRM-223): 9. Translating stdVia gpdk045/M7_M6/layout as STRUCTURE M7_M6_CDNS_764532313978.
INFO (XSTRM-223): 10. Translating stdVia gpdk045/M8_M7/layout as STRUCTURE M8_M7_CDNS_764532313979.
INFO (XSTRM-223): 11. Translating stdVia gpdk045/M9_M8/layout as STRUCTURE M9_M8_CDNS_7645323139710.
INFO (XSTRM-223): 12. Translating stdVia gpdk045/M10_M9/layout as STRUCTURE M10_M9_CDNS_7645323139711.
INFO (XSTRM-223): 13. Translating stdVia gpdk045/M11_M10/layout as STRUCTURE M11_M10_CDNS_7645323139712.
INFO (XSTRM-223): 14. Translating stdVia gpdk045/M2_M1/layout as STRUCTURE M2_M1_CDNS_7645323139713.
INFO (XSTRM-223): 15. Translating stdVia gpdk045/M3_M2/layout as STRUCTURE M3_M2_CDNS_7645323139714.
INFO (XSTRM-223): 16. Translating stdVia gpdk045/M2_M1/layout as STRUCTURE M2_M1_CDNS_7645323139715.
INFO (XSTRM-223): 17. Translating stdVia gpdk045/M3_M2/layout as STRUCTURE M3_M2_CDNS_7645323139716.
INFO (XSTRM-223): 18. Translating cellview gpdk045/pmos1v/layout as STRUCTURE pmos1v_CDNS_764532313970.
INFO (XSTRM-223): 19. Translating cellview gpdk045/nmos1v/layout as STRUCTURE nmos1v_CDNS_764532313971.
INFO (XSTRM-223): 20. Translating cellview ece482_final_project/and2/layout as STRUCTURE and2.

Summary of Objects Translated:
	Scalar Instances:                       2
	Array Instances:                        0
	Polygons:                               0
	Paths:                                  0
	Rectangles:                             163
	Lines:                                  0
	Arcs:                                   0
	Donuts:                                 0
	Dots:                                   0
	Ellipses:                               0
	Boundaries:                             0
	Area Blockages:                         0
	Layer Blockages:                        0
	Area Halos:                             0
	Markers:                                0
	Rows:                                   0
	Stitch:                                 0
	Standard Vias                           34
	Custom Vias:                            0
	CdsGen Vias:                            0
	Pathsegs:                               30
	Text:                                   0
	TextDisplay:                            5
	Cells:                                  20

Elapsed Time: 0.4s   User Time: 0.2s   CPU Time: 0.0s   Peak VM: 34948KB
INFO (XSTRM-234): Translation completed. '0' error(s) and '2' warning(s) found.
