\o Program:		@(#)$CDS: libManager version 23.1 - CAT38 08/20/2024 18:26 (cpgsrv14) $
\o Sub version:		sub-version  s091 
\o Arguments:		-unmapped -mpssession virtuoso3472977 -mpshost fastx3-04.ews.illinois.edu -masterPID 3472977 -ADVM 
\o Working Directory:	fastx3-04.ews.illinois.edu:/home/mgrawe2/ece482.work/gpdk045_new/ece482_final_project
\o 64-bit offsets
\o Qt version: 		5.15.9
\o MPS virtuoso types registered: 68
\o changeWorkingDir("/home/mgrawe2/ece482.work/gpdk045_new/ece482_final_project") unnecessary.
\o ddSetForcedLib("") unnecessary.
\o Session hidden cells enabled.
\o Log file is "/home/mgrawe2/ece482.work/gpdk045_new/ece482_final_project/libManager.log".
\o Opening libManager window.
\a nrSetWindowVisibility(cdsLibManager "show")
\o MPS service: map window
\o Library Manager customization server connected.
\a nrSetCurrentWindow(cdsLibManager)
\a nrResizeWindow(cdsLibManager list(955 78 602 491))
\a nrSetWindowVisibility(cdsLibManager "hide")
\a _lmgrCloseIconify("cdsLibManager" 1)
\o MPS service: shutdown
\o libManager is exiting.
\a exit(0)
