Virtuoso Framework License (111) was checked out successfully. Total checkout time was 0.04s.

Running simulation in directory: "/home/mgrawe2/ece482.work/gpdk045_new/ece482_final_project/half_adder_auto/pvs_dir/lvs/".

Loading gpdk045/libInit.il ...
	Loading gpdk045/loadCxt.ile ... done!
	Loading context 'gpdk045' from library 'gpdk045' ... done!
	Loading context 'pdkUtils' from library 'gpdk045' ... done!
	Loading gpdk045/gpdk045_customFilter.il ... done!
	Loading gpdk045/libInitCustomExit.il ... 
	Loading Environment Settings ...
	Loading gpdk045/gpdk045_PDKRegistrations.il ... done!

  *************************************************************           
  *              Cadence Design Systems, Inc.                 *           
  *                                                           *           
  *                    Generic 45nm PDK                       *           
  *                        (gpdk045)                          *           
  *                                                           *           
  *************************************************************           
	

	VERSION: 6.0 (09-September-2019)

done!
Loaded gpdk045/libInit.il successfully!
Loading hnlInit.cxt 
Running Artist Hierarchical Netlisting ...
End netlisting Dec  4 11:10:22 2025

Running simin

Running runSim()...


Running runsim with simulator: "auCdl"
Begin simulation:    Dec  4 11:10:22 2025

auCdl netlisting completed
End simulation:      Dec  4 11:10:22 2025
INFO (AUCDL-21): (Analog) CDL netlisting completed successfully.