********************************************************************************
Product   : Virtuoso(R) XStream Out
Program   : @(#)$CDS: strmout version IC23.1-64b 08/20/2024 22:42 (cpgbld17) $
          : sub-version  IC23.1-64b.ISR9.24 
Started at: 04-Dec-2025  17:29:58
User Name : mgrawe2
Host Name : fastx3-01.ews.illinois.edu
Directory : /home/mgrawe2/ece482.work/gpdk045_new
CADENCE Design Systems, Inc.
********************************************************************************
Info: Cellview Rev Num:99,  Tech Rev Num:59

WARNING (XSTRM-20): Output Stream file '/home/mgrawe2/ece482.work/gpdk045_new/ece482_final_project/and2/pvs_directories/drc/and2.gds' already exists. It will be overwritten.
INFO (XSTRM-217): Reading the layer map file, /class/ece482/gpdk045_v_6_0/gpdk045/gpdk045.layermap
WARNING (XSTRM-333): The '-enableColoring' option will be ignored during XStream Out. This is because there is no color entry in the layer map and the object map file.
INFO (XSTRM-427): Based on current hardware configuration, running XStream Out translation in multi-threaded mode with 4 threads.
INFO (XSTRM-162): You have not used the '-viaMap' option. If the OpenAccess design has native oaVia instances, use the '-viaMap' option for preserving oaVia instances in a XStream Out - XStream In round trip. Using the '-viaMap' option improves performance and VM usage of applications using the Streamed-In design.

Summary of Options :
library                                 ece482_final_project
strmFile                                /home/mgrawe2/ece482.work/gpdk045_new/ece482_final_project/and2/pvs_directories/drc/and2.gds
topCell                                 and2
view                                    layout
runDir                                  /home/mgrawe2/ece482.work/gpdk045_new/ece482_final_project/and2/pvs_directories/drc
logFile                                 /home/mgrawe2/ece482.work/gpdk045_new/ece482_final_project/and2/pvs_directories/drc/PIPO1.LOG
techLib                                 gpdk045
hierDepth                               32
maxVertices                             2048
layerMap                                /class/ece482/gpdk045_v_6_0/gpdk045/gpdk045.layermap
userSkillFile                           /home/mgrawe2/ece482.work/gpdk045_new/ece482_final_project/and2/pvs_directories/drc/strmout.il
labelDepth                              32
case                                    Preserve
convertDot                              node

INFO (XSTRM-180): You have not used the '-objectMap' option. The design has instance(s) of at least one of following OpenAccess objects: oaBlockage, oaBoundary, oaRow, and oaMarker. Any information about these objects will not be translated into the generated stream file. Use the '-objectMap' option to translate/preserve these objects using XStream.
INFO (XSTRM-223): 1. Translating stdVia gpdk045/M2_M1/layout as STRUCTURE M2_M1_CDNS_764890998820.
INFO (XSTRM-223): 2. Translating stdVia gpdk045/M3_M2/layout as STRUCTURE M3_M2_CDNS_764890998821.
INFO (XSTRM-223): 3. Translating stdVia gpdk045/M1_NWELL/layout as STRUCTURE M1_NWELL_CDNS_764890998822.
INFO (XSTRM-223): 4. Translating stdVia gpdk045/M2_M1/layout as STRUCTURE M2_M1_CDNS_764890998823.
INFO (XSTRM-223): 5. Translating stdVia gpdk045/M1_PSUB/layout as STRUCTURE M1_PSUB_CDNS_764890998824.
INFO (XSTRM-223): 6. Translating stdVia gpdk045/M1_PO/layout as STRUCTURE M1_PO_CDNS_764890998825.
INFO (XSTRM-223): 7. Translating cellview gpdk045/nmos1v/layout as STRUCTURE nmos1v_CDNS_764890998820.
INFO (XSTRM-223): 8. Translating cellview gpdk045/pmos1v/layout as STRUCTURE pmos1v_CDNS_764890998821.
INFO (XSTRM-223): 9. Translating cellview ece482_final_project/nand2/layout as STRUCTURE nand2.
INFO (XSTRM-223): 10. Translating cellview gpdk045/nmos1v/layout as STRUCTURE nmos1v_CDNS_764890998822.
INFO (XSTRM-223): 11. Translating cellview ece482_final_project/inv/layout as STRUCTURE inv.
INFO (XSTRM-223): 12. Translating cellview ece482_final_project/and2/layout as STRUCTURE and2.

Summary of Objects Translated:
	Scalar Instances:                       8
	Array Instances:                        0
	Polygons:                               3
	Paths:                                  0
	Rectangles:                             155
	Lines:                                  0
	Arcs:                                   0
	Donuts:                                 0
	Dots:                                   0
	Ellipses:                               0
	Boundaries:                             0
	Area Blockages:                         0
	Layer Blockages:                        0
	Area Halos:                             0
	Markers:                                0
	Rows:                                   0
	Stitch:                                 0
	Standard Vias                           19
	Custom Vias:                            0
	CdsGen Vias:                            0
	Pathsegs:                               56
	Text:                                   16
	TextDisplay:                            0
	Cells:                                  12

Elapsed Time: 0.6s   User Time: 0.2s   CPU Time: 0.1s   Peak VM: 35136KB
INFO (XSTRM-234): Translation completed. '0' error(s) and '2' warning(s) found.
