Virtuoso Framework License (111) was checked out successfully. Total checkout time was 0.05s.
********************************************************************************
Product   : Virtuoso(R) XStream Out
Program   : @(#)$CDS: strmout version IC23.1-64b 08/20/2024 22:42 (cpgbld17) $
          : sub-version  IC23.1-64b.ISR9.24 
Started at: 03-Dec-2025  19:39:56
User Name : mgrawe2
Host Name : fastx3-24.ews.illinois.edu
Directory : /home/mgrawe2/ece482.work/gpdk045_new
CADENCE Design Systems, Inc.
********************************************************************************
Info: Cellview Rev Num:99,  Tech Rev Num:59

Loading gpdk045/libInit.il ...
	Loading gpdk045/loadCxt.ile ... done!
	Loading context 'gpdk045' from library 'gpdk045' ... done!
	Loading context 'pdkUtils' from library 'gpdk045' ... done!
	Loading gpdk045/gpdk045_customFilter.il ... done!
	Loading gpdk045/libInitCustomExit.il ... 
	Loading Environment Settings ...
	Loading gpdk045/gpdk045_PDKRegistrations.il ... done!

  *************************************************************           
  *              Cadence Design Systems, Inc.                 *           
  *                                                           *           
  *                    Generic 45nm PDK                       *           
  *                        (gpdk045)                          *           
  *                                                           *           
  *************************************************************           
	

	VERSION: 6.0 (09-September-2019)

done!
Loaded gpdk045/libInit.il successfully!
INFO (XSTRM-217): Reading the layer map file, /class/ece482/gpdk045_v_6_0/gpdk045/gpdk045.layermap
WARNING (XSTRM-333): The '-enableColoring' option will be ignored during XStream Out. This is because there is no color entry in the layer map and the object map file.
INFO (XSTRM-427): Based on current hardware configuration, running XStream Out translation in multi-threaded mode with 4 threads.
INFO (XSTRM-162): You have not used the '-viaMap' option. If the OpenAccess design has native oaVia instances, use the '-viaMap' option for preserving oaVia instances in a XStream Out - XStream In round trip. Using the '-viaMap' option improves performance and VM usage of applications using the Streamed-In design.

Summary of Options :
library                                 ece482_final_project
strmFile                                /home/mgrawe2/ece482.work/gpdk045_new/ece482_final_project/nand2_auto/pvs_dir/lvs/nand2_auto.gds
topCell                                 nand2_auto
view                                    layout
runDir                                  /home/mgrawe2/ece482.work/gpdk045_new/ece482_final_project/nand2_auto/pvs_dir/lvs
logFile                                 /home/mgrawe2/ece482.work/gpdk045_new/ece482_final_project/nand2_auto/pvs_dir/lvs/PIPO1.LOG
techLib                                 gpdk045
hierDepth                               32
maxVertices                             2048
layerMap                                /class/ece482/gpdk045_v_6_0/gpdk045/gpdk045.layermap
userSkillFile                           /home/mgrawe2/ece482.work/gpdk045_new/ece482_final_project/nand2_auto/pvs_dir/lvs/strmout.il
labelDepth                              32
case                                    Preserve
convertDot                              node
convertPin                              geometryAndText

INFO (XSTRM-180): You have not used the '-objectMap' option. The design has instance(s) of at least one of following OpenAccess objects: oaBlockage, oaBoundary, oaRow, and oaMarker. Any information about these objects will not be translated into the generated stream file. Use the '-objectMap' option to translate/preserve these objects using XStream.
INFO (XSTRM-223): 1. Translating stdVia gpdk045/M1_PO/layout as STRUCTURE M1_PO_CDNS_764812396650.
INFO (XSTRM-223): 2. Translating stdVia gpdk045/M2_M1/layout as STRUCTURE M2_M1_CDNS_764812396651.
INFO (XSTRM-223): 3. Translating stdVia gpdk045/M1_PSUB/layout as STRUCTURE M1_PSUB_CDNS_764812396652.
INFO (XSTRM-223): 4. Translating stdVia gpdk045/M1_NWELL/layout as STRUCTURE M1_NWELL_CDNS_764812396653.
INFO (XSTRM-223): 5. Translating cellview gpdk045/pmos1v/layout as STRUCTURE pmos1v_CDNS_764812396650.
INFO (XSTRM-223): 6. Translating cellview gpdk045/nmos1v/layout as STRUCTURE nmos1v_CDNS_764812396651.
INFO (XSTRM-223): 7. Translating cellview ece482_final_project/nand2_auto/layout as STRUCTURE nand2_auto.

Summary of Objects Translated:
	Scalar Instances:                       4
	Array Instances:                        0
	Polygons:                               1
	Paths:                                  0
	Rectangles:                             105
	Lines:                                  0
	Arcs:                                   0
	Donuts:                                 0
	Dots:                                   0
	Ellipses:                               0
	Boundaries:                             0
	Area Blockages:                         0
	Layer Blockages:                        0
	Area Halos:                             0
	Markers:                                0
	Rows:                                   0
	Stitch:                                 0
	Standard Vias                           10
	Custom Vias:                            0
	CdsGen Vias:                            0
	Pathsegs:                               29
	Text:                                   5
	TextDisplay:                            0
	Cells:                                  7

Elapsed Time: 0.6s   User Time: 0.2s   CPU Time: 0.1s   Peak VM: 34608KB
INFO (XSTRM-234): Translation completed. '0' error(s) and '1' warning(s) found.
