Virtuoso Framework License (111) was checked out successfully. Total checkout time was 0.05s.
********************************************************************************
Product   : Virtuoso(R) XStream Out
Program   : @(#)$CDS: strmout version IC23.1-64b 08/20/2024 22:42 (cpgbld17) $
          : sub-version  IC23.1-64b.ISR9.24 
Started at: 04-Dec-2025  16:48:20
User Name : mgrawe2
Host Name : fastx3-01.ews.illinois.edu
Directory : /home/mgrawe2/ece482.work/gpdk045_new
CADENCE Design Systems, Inc.
********************************************************************************
Info: Cellview Rev Num:99,  Tech Rev Num:59

WARNING (XSTRM-20): Output Stream file '/home/mgrawe2/ece482.work/gpdk045_new/ece482_final_project/full_adder_auto/pvs_dir/drc/full_adder_auto.gds' already exists. It will be overwritten.
Loading gpdk045/libInit.il ...
	Loading gpdk045/loadCxt.ile ... done!
	Loading context 'gpdk045' from library 'gpdk045' ... done!
	Loading context 'pdkUtils' from library 'gpdk045' ... done!
	Loading gpdk045/gpdk045_customFilter.il ... done!
	Loading gpdk045/libInitCustomExit.il ... 
	Loading Environment Settings ...
	Loading gpdk045/gpdk045_PDKRegistrations.il ... done!

  *************************************************************           
  *              Cadence Design Systems, Inc.                 *           
  *                                                           *           
  *                    Generic 45nm PDK                       *           
  *                        (gpdk045)                          *           
  *                                                           *           
  *************************************************************           
	

	VERSION: 6.0 (09-September-2019)

done!
Loaded gpdk045/libInit.il successfully!
INFO (XSTRM-217): Reading the layer map file, /class/ece482/gpdk045_v_6_0/gpdk045/gpdk045.layermap
WARNING (XSTRM-333): The '-enableColoring' option will be ignored during XStream Out. This is because there is no color entry in the layer map and the object map file.
INFO (XSTRM-427): Based on current hardware configuration, running XStream Out translation in multi-threaded mode with 4 threads.
INFO (XSTRM-162): You have not used the '-viaMap' option. If the OpenAccess design has native oaVia instances, use the '-viaMap' option for preserving oaVia instances in a XStream Out - XStream In round trip. Using the '-viaMap' option improves performance and VM usage of applications using the Streamed-In design.

Summary of Options :
library                                 ece482_final_project
strmFile                                /home/mgrawe2/ece482.work/gpdk045_new/ece482_final_project/full_adder_auto/pvs_dir/drc/full_adder_auto.gds
topCell                                 full_adder_auto
view                                    layout
runDir                                  /home/mgrawe2/ece482.work/gpdk045_new/ece482_final_project/full_adder_auto/pvs_dir/drc
logFile                                 /home/mgrawe2/ece482.work/gpdk045_new/ece482_final_project/full_adder_auto/pvs_dir/drc/PIPO1.LOG
techLib                                 gpdk045
hierDepth                               32
maxVertices                             2048
layerMap                                /class/ece482/gpdk045_v_6_0/gpdk045/gpdk045.layermap
userSkillFile                           /home/mgrawe2/ece482.work/gpdk045_new/ece482_final_project/full_adder_auto/pvs_dir/drc/strmout.il
labelDepth                              32
case                                    Preserve
convertDot                              node

INFO (XSTRM-180): You have not used the '-objectMap' option. The design has instance(s) of at least one of following OpenAccess objects: oaBlockage, oaBoundary, oaRow, and oaMarker. Any information about these objects will not be translated into the generated stream file. Use the '-objectMap' option to translate/preserve these objects using XStream.
INFO (XSTRM-223): 1. Translating stdVia gpdk045/M2_M1/layout as STRUCTURE M2_M1_CDNS_764888500850.
INFO (XSTRM-223): 2. Translating stdVia gpdk045/M2_M1/layout as STRUCTURE M2_M1_CDNS_764888500851.
INFO (XSTRM-223): 3. Translating stdVia gpdk045/M3_M2/layout as STRUCTURE M3_M2_CDNS_764888500852.
INFO (XSTRM-223): 4. Translating stdVia gpdk045/M2_M1/layout as STRUCTURE M2_M1_CDNS_764888500853.
INFO (XSTRM-223): 5. Translating stdVia gpdk045/M3_M2/layout as STRUCTURE M3_M2_CDNS_764888500854.
INFO (XSTRM-223): 6. Translating stdVia gpdk045/M4_M3/layout as STRUCTURE M4_M3_CDNS_764888500855.
INFO (XSTRM-223): 7. Translating stdVia gpdk045/M2_M1/layout as STRUCTURE M2_M1_CDNS_764888500856.
INFO (XSTRM-223): 8. Translating stdVia gpdk045/M2_M1/layout as STRUCTURE M2_M1_CDNS_764888500857.
INFO (XSTRM-223): 9. Translating stdVia gpdk045/M2_M1/layout as STRUCTURE M2_M1_CDNS_764888500858.
INFO (XSTRM-223): 10. Translating stdVia gpdk045/M1_PO/layout as STRUCTURE M1_PO_CDNS_764888500859.
INFO (XSTRM-223): 11. Translating stdVia gpdk045/M1_PO/layout as STRUCTURE M1_PO_CDNS_7648885008510.
INFO (XSTRM-223): 12. Translating stdVia gpdk045/M1_PO/layout as STRUCTURE M1_PO_CDNS_7648885008511.
INFO (XSTRM-223): 13. Translating stdVia gpdk045/M1_NWELL/layout as STRUCTURE M1_NWELL_CDNS_7648885008512.
INFO (XSTRM-223): 14. Translating stdVia gpdk045/M1_PO/layout as STRUCTURE M1_PO_CDNS_7648885008513.
INFO (XSTRM-223): 15. Translating stdVia gpdk045/M1_PSUB/layout as STRUCTURE M1_PSUB_CDNS_7648885008514.
INFO (XSTRM-223): 16. Translating cellview gpdk045/pmos1v/layout as STRUCTURE pmos1v_CDNS_764888500850.
INFO (XSTRM-223): 17. Translating cellview gpdk045/nmos1v/layout as STRUCTURE nmos1v_CDNS_764888500851.
INFO (XSTRM-223): 18. Translating cellview ece482_final_project/inv/layout as STRUCTURE inv.
INFO (XSTRM-223): 19. Translating cellview ece482_final_project/xor/layout as STRUCTURE xor.
INFO (XSTRM-223): 20. Translating cellview gpdk045/nmos1v/layout as STRUCTURE nmos1v_CDNS_764888500852.
INFO (XSTRM-223): 21. Translating cellview gpdk045/pmos1v/layout as STRUCTURE pmos1v_CDNS_764888500853.
INFO (XSTRM-223): 22. Translating cellview ece482_final_project/fa_co_network/layout as STRUCTURE fa_co_network.
INFO (XSTRM-223): 23. Translating cellview ece482_final_project/full_adder_auto/layout as STRUCTURE full_adder_auto.
INFO (XSTRM-317): The 'ece482_final_project/full_adder_auto/layout' has a pathSeg with diagonal orientation, or end style as custom or chamfer at (3600, 9130). This pathSeg will be translated as a boundary record in the GDS file during XStream Out.

Summary of Objects Translated:
	Scalar Instances:                       13
	Array Instances:                        0
	Polygons:                               4
	Paths:                                  0
	Rectangles:                             273
	Lines:                                  0
	Arcs:                                   0
	Donuts:                                 0
	Dots:                                   0
	Ellipses:                               0
	Boundaries:                             0
	Area Blockages:                         0
	Layer Blockages:                        0
	Area Halos:                             0
	Markers:                                0
	Rows:                                   0
	Stitch:                                 0
	Standard Vias                           56
	Custom Vias:                            0
	CdsGen Vias:                            0
	Pathsegs:                               147
	Text:                                   11
	TextDisplay:                            7
	Cells:                                  23

Elapsed Time: 0.6s   User Time: 0.2s   CPU Time: 0.1s   Peak VM: 35348KB
INFO (XSTRM-234): Translation completed. '0' error(s) and '2' warning(s) found.
